<?xml version="1.0" encoding="UTF-8"?>
<!-- Generated by org.testng.reporters.JUnitReportReporter -->
<testsuite skipped="0" hostname="DESKTOP-REVKL7J" name="practice.RemoveDuplicatesArray" tests="1" failures="0" timestamp="2019-11-13T00:31:21 IST" time="0.008" errors="0">
  <testcase name="mainMethod" time="0.008" classname="practice.RemoveDuplicatesArray"/>
</testsuite> <!-- practice.RemoveDuplicatesArray -->
