<?xml version="1.0" encoding="UTF-8"?>
<!-- Generated by org.testng.reporters.JUnitReportReporter -->
<testsuite skipped="0" hostname="DESKTOP-REVKL7J" name="practice.reverseIntegerAndString" tests="1" failures="0" timestamp="2019-12-22T15:41:05 IST" time="0.010" errors="0">
  <testcase name="reverseInteger" time="0.010" classname="practice.reverseIntegerAndString"/>
</testsuite> <!-- practice.reverseIntegerAndString -->
