<?xml version="1.0" encoding="UTF-8"?>
<!-- Generated by org.testng.reporters.JUnitReportReporter -->
<testsuite skipped="0" hostname="DESKTOP-REVKL7J" name="practice.ContainsDuplicates" tests="1" failures="0" timestamp="2019-11-13T00:29:01 IST" time="0.011" errors="0">
  <testcase name="containsDuplicates" time="0.011" classname="practice.ContainsDuplicates"/>
</testsuite> <!-- practice.ContainsDuplicates -->
