<?xml version="1.0" encoding="UTF-8"?>
<!-- Generated by org.testng.reporters.JUnitReportReporter -->
<testsuite skipped="0" hostname="DESKTOP-REVKL7J" name="practice.test" tests="1" failures="0" timestamp="2019-12-11T14:36:24 IST" time="0.013" errors="0">
  <testcase name="check" time="0.013" classname="practice.test"/>
</testsuite> <!-- practice.test -->
