<?xml version="1.0" encoding="UTF-8"?>
<!-- Generated by org.testng.reporters.JUnitReportReporter -->
<testsuite skipped="0" hostname="DESKTOP-REVKL7J" name="practice.OccurenceOfDuplicates" tests="1" failures="0" timestamp="2019-11-11T17:16:33 IST" time="0.010" errors="0">
  <testcase name="findDuplicateOccurence" time="0.010" classname="practice.OccurenceOfDuplicates"/>
</testsuite> <!-- practice.OccurenceOfDuplicates -->
