<?xml version="1.0" encoding="UTF-8"?>
<!-- Generated by org.testng.reporters.JUnitReportReporter -->
<testsuite skipped="0" hostname="DESKTOP-REVKL7J" name="practice.NonRepatingCharacter" tests="1" failures="0" timestamp="2020-01-05T16:52:52 IST" time="0.009" errors="0">
  <testcase name="mainMethod" time="0.009" classname="practice.NonRepatingCharacter"/>
</testsuite> <!-- practice.NonRepatingCharacter -->
