<?xml version="1.0" encoding="UTF-8"?>
<!-- Generated by org.testng.reporters.JUnitReportReporter -->
<testsuite skipped="0" hostname="DESKTOP-REVKL7J" name="practice.FindSingleNumber" tests="1" failures="0" timestamp="2019-12-06T09:55:41 IST" time="0.007" errors="0">
  <testcase name="findtheSingledigit" time="0.007" classname="practice.FindSingleNumber"/>
</testsuite> <!-- practice.FindSingleNumber -->
