<?xml version="1.0" encoding="UTF-8"?>
<!-- Generated by org.testng.reporters.JUnitReportReporter -->
<testsuite skipped="0" hostname="DESKTOP-REVKL7J" name="practice.ParentTest1" tests="1" failures="0" timestamp="2019-10-21T20:55:19 IST" time="0.005" errors="0">
  <testcase name="PTest1" time="0.005" classname="practice.ParentTest1"/>
</testsuite> <!-- practice.ParentTest1 -->
