<?xml version="1.0" encoding="UTF-8"?>
<!-- Generated by org.testng.reporters.JUnitReportReporter -->
<testsuite skipped="0" hostname="DESKTOP-REVKL7J" name="practice.RotateArray" tests="1" failures="0" timestamp="2019-10-12T16:00:18 IST" time="0.011" errors="0">
  <testcase name="rotateArray" time="0.011" classname="practice.RotateArray"/>
</testsuite> <!-- practice.RotateArray -->
