<?xml version="1.0" encoding="UTF-8"?>
<!-- Generated by org.testng.reporters.JUnitReportReporter -->
<testsuite skipped="0" hostname="DESKTOP-REVKL7J" name="practice.ChildParent1" tests="1" failures="0" timestamp="2019-10-21T21:18:16 IST" time="0.005" errors="0">
  <testcase name="Test02" time="0.005" classname="practice.ChildParent1"/>
</testsuite> <!-- practice.ChildParent1 -->
