<?xml version="1.0" encoding="UTF-8"?>
<!-- Generated by org.testng.reporters.JUnitReportReporter -->
<testsuite skipped="0" hostname="DESKTOP-REVKL7J" name="practice.Test2" tests="1" failures="0" timestamp="2020-01-04T11:08:41 IST" time="0.020" errors="0">
  <testcase name="execute" time="0.020" classname="practice.Test2"/>
</testsuite> <!-- practice.Test2 -->
