<?xml version="1.0" encoding="UTF-8"?>
<!-- Generated by org.testng.reporters.JUnitReportReporter -->
<testsuite skipped="0" hostname="DESKTOP-REVKL7J" name="practice.Test3" tests="1" failures="0" timestamp="2020-01-10T14:01:39 IST" time="0.032" errors="0">
  <testcase name="checkLocalDate" time="0.032" classname="practice.Test3"/>
</testsuite> <!-- practice.Test3 -->
